[NX Daemon Server] - 2025-10-08T09:14:43.339Z - Started listening on: /var/folders/zs/lrny37w11_nbfxhqvdrq98s80000gn/T/38ddb238f155941197b1/d.sock
[NX Daemon Server] - 2025-10-08T09:14:43.341Z - [WATCHER]: Subscribed to changes within: /Users/olimpia/Documents/OpenSource/rock (native)
[NX Daemon Server] - 2025-10-08T09:14:43.343Z - Established a connection. Number of open connections: 1
[NX Daemon Server] - 2025-10-08T09:14:43.344Z - Established a connection. Number of open connections: 2
[NX Daemon Server] - 2025-10-08T09:14:43.345Z - Closed a connection. Number of open connections: 1
[NX Daemon Server] - 2025-10-08T09:14:43.347Z - [REQUEST]: Client Request for Project Graph Received
[NX Daemon Server] - 2025-10-08T09:14:43.610Z - Time taken for 'Load Nx Plugin: /Users/olimpia/Documents/OpenSource/rock/node_modules/.pnpm/nx@20.3.0_@swc-node+register@1.9.2_@swc+core@1.5.29_@swc+helpers@0.5.13__@swc+types@0.1_5b859202ffd1326f97edafda5c7c31e8/node_modules/nx/src/plugins/project-json/build-nodes/project-json' 259.219ms
[NX Daemon Server] - 2025-10-08T09:14:43.611Z - Time taken for 'Load Nx Plugin: /Users/olimpia/Documents/OpenSource/rock/node_modules/.pnpm/nx@20.3.0_@swc-node+register@1.9.2_@swc+core@1.5.29_@swc+helpers@0.5.13__@swc+types@0.1_5b859202ffd1326f97edafda5c7c31e8/node_modules/nx/src/plugins/package-json' 261.09133399999996ms
[NX Daemon Server] - 2025-10-08T09:14:43.626Z - Time taken for 'Load Nx Plugin: /Users/olimpia/Documents/OpenSource/rock/node_modules/.pnpm/nx@20.3.0_@swc-node+register@1.9.2_@swc+core@1.5.29_@swc+helpers@0.5.13__@swc+types@0.1_5b859202ffd1326f97edafda5c7c31e8/node_modules/nx/src/plugins/js' 276.24062499999997ms
[NX Daemon Server] - 2025-10-08T09:14:43.943Z - Time taken for 'Load Nx Plugin: @nx/eslint/plugin' 595.101625ms
[NX Daemon Server] - 2025-10-08T09:14:44.209Z - [REQUEST]: Updated workspace context based on watched changes, recomputing project graph...
[NX Daemon Server] - 2025-10-08T09:14:44.210Z - [REQUEST]: 
[NX Daemon Server] - 2025-10-08T09:14:44.210Z - [REQUEST]: 
[NX Daemon Server] - 2025-10-08T09:14:44.232Z - Time taken for 'loadNxPlugins' 860.401542ms
[NX Daemon Server] - 2025-10-08T09:14:44.234Z - Established a connection. Number of open connections: 2
[NX Daemon Server] - 2025-10-08T09:14:44.235Z - Established a connection. Number of open connections: 3
[NX Daemon Server] - 2025-10-08T09:14:44.235Z - Closed a connection. Number of open connections: 2
[NX Daemon Server] - 2025-10-08T09:14:44.238Z - [REQUEST]: Responding to the client. handleGlob
[NX Daemon Server] - 2025-10-08T09:14:44.240Z - Done responding to the client handleGlob
[NX Daemon Server] - 2025-10-08T09:14:44.240Z - Handled GLOB. Handling time: 1. Response time: 2.
[NX Daemon Server] - 2025-10-08T09:14:44.250Z - Established a connection. Number of open connections: 3
[NX Daemon Server] - 2025-10-08T09:14:44.251Z - Established a connection. Number of open connections: 4
[NX Daemon Server] - 2025-10-08T09:14:44.251Z - Closed a connection. Number of open connections: 3
[NX Daemon Server] - 2025-10-08T09:14:44.254Z - [REQUEST]: Responding to the client. handleHashGlob
[NX Daemon Server] - 2025-10-08T09:14:44.254Z - Done responding to the client handleHashGlob
[NX Daemon Server] - 2025-10-08T09:14:44.254Z - Handled HASH_GLOB. Handling time: 1. Response time: 0.
[NX Daemon Server] - 2025-10-08T09:14:44.262Z - [REQUEST]: Responding to the client. handleHashGlob
[NX Daemon Server] - 2025-10-08T09:14:44.263Z - Done responding to the client handleHashGlob
[NX Daemon Server] - 2025-10-08T09:14:44.263Z - Handled HASH_GLOB. Handling time: 2. Response time: 1.
[NX Daemon Server] - 2025-10-08T09:14:44.269Z - [REQUEST]: Responding to the client. handleHashGlob
[NX Daemon Server] - 2025-10-08T09:14:44.269Z - Done responding to the client handleHashGlob
[NX Daemon Server] - 2025-10-08T09:14:44.269Z - Handled HASH_GLOB. Handling time: 2. Response time: 0.
[NX Daemon Server] - 2025-10-08T09:14:44.286Z - [REQUEST]: Responding to the client. handleHashGlob
[NX Daemon Server] - 2025-10-08T09:14:44.286Z - Done responding to the client handleHashGlob
[NX Daemon Server] - 2025-10-08T09:14:44.286Z - Handled HASH_GLOB. Handling time: 1. Response time: 0.
[NX Daemon Server] - 2025-10-08T09:14:44.299Z - [REQUEST]: Responding to the client. handleHashGlob
[NX Daemon Server] - 2025-10-08T09:14:44.300Z - Done responding to the client handleHashGlob
[NX Daemon Server] - 2025-10-08T09:14:44.300Z - Handled HASH_GLOB. Handling time: 2. Response time: 1.
[NX Daemon Server] - 2025-10-08T09:14:44.307Z - [REQUEST]: Responding to the client. handleHashGlob
[NX Daemon Server] - 2025-10-08T09:14:44.307Z - Done responding to the client handleHashGlob
[NX Daemon Server] - 2025-10-08T09:14:44.307Z - Handled HASH_GLOB. Handling time: 2. Response time: 0.
[NX Daemon Server] - 2025-10-08T09:14:44.384Z - [REQUEST]: Responding to the client. handleHashGlob
[NX Daemon Server] - 2025-10-08T09:14:44.384Z - Done responding to the client handleHashGlob
[NX Daemon Server] - 2025-10-08T09:14:44.384Z - Handled HASH_GLOB. Handling time: 0. Response time: 0.
[NX Daemon Server] - 2025-10-08T09:14:44.386Z - [REQUEST]: Responding to the client. handleHashGlob
[NX Daemon Server] - 2025-10-08T09:14:44.386Z - Done responding to the client handleHashGlob
[NX Daemon Server] - 2025-10-08T09:14:44.386Z - Handled HASH_GLOB. Handling time: 1. Response time: 0.
[NX Daemon Server] - 2025-10-08T09:14:44.387Z - [REQUEST]: Responding to the client. handleHashGlob
[NX Daemon Server] - 2025-10-08T09:14:44.388Z - Done responding to the client handleHashGlob
[NX Daemon Server] - 2025-10-08T09:14:44.388Z - Handled HASH_GLOB. Handling time: 0. Response time: 1.
[NX Daemon Server] - 2025-10-08T09:14:44.389Z - [REQUEST]: Responding to the client. handleHashGlob
[NX Daemon Server] - 2025-10-08T09:14:44.389Z - Done responding to the client handleHashGlob
[NX Daemon Server] - 2025-10-08T09:14:44.389Z - Handled HASH_GLOB. Handling time: 0. Response time: 0.
[NX Daemon Server] - 2025-10-08T09:14:44.391Z - [REQUEST]: Responding to the client. handleHashGlob
[NX Daemon Server] - 2025-10-08T09:14:44.391Z - Done responding to the client handleHashGlob
[NX Daemon Server] - 2025-10-08T09:14:44.391Z - Handled HASH_GLOB. Handling time: 1. Response time: 0.
[NX Daemon Server] - 2025-10-08T09:14:44.393Z - [REQUEST]: Responding to the client. handleHashGlob
[NX Daemon Server] - 2025-10-08T09:14:44.393Z - Done responding to the client handleHashGlob
[NX Daemon Server] - 2025-10-08T09:14:44.393Z - Handled HASH_GLOB. Handling time: 1. Response time: 0.
[NX Daemon Server] - 2025-10-08T09:14:44.395Z - [REQUEST]: Responding to the client. handleHashGlob
[NX Daemon Server] - 2025-10-08T09:14:44.395Z - Done responding to the client handleHashGlob
[NX Daemon Server] - 2025-10-08T09:14:44.395Z - Handled HASH_GLOB. Handling time: 2. Response time: 0.
[NX Daemon Server] - 2025-10-08T09:14:44.483Z - [REQUEST]: Responding to the client. handleHashGlob
[NX Daemon Server] - 2025-10-08T09:14:44.483Z - Done responding to the client handleHashGlob
[NX Daemon Server] - 2025-10-08T09:14:44.484Z - Handled HASH_GLOB. Handling time: 0. Response time: 1.
[NX Daemon Server] - 2025-10-08T09:14:44.485Z - [REQUEST]: Responding to the client. handleHashGlob
[NX Daemon Server] - 2025-10-08T09:14:44.485Z - Done responding to the client handleHashGlob
[NX Daemon Server] - 2025-10-08T09:14:44.485Z - Handled HASH_GLOB. Handling time: 1. Response time: 0.
[NX Daemon Server] - 2025-10-08T09:14:44.486Z - [REQUEST]: Responding to the client. handleHashGlob
[NX Daemon Server] - 2025-10-08T09:14:44.486Z - Done responding to the client handleHashGlob
[NX Daemon Server] - 2025-10-08T09:14:44.486Z - Handled HASH_GLOB. Handling time: 0. Response time: 0.
[NX Daemon Server] - 2025-10-08T09:14:44.489Z - [REQUEST]: Responding to the client. handleHashGlob
[NX Daemon Server] - 2025-10-08T09:14:44.489Z - Done responding to the client handleHashGlob
[NX Daemon Server] - 2025-10-08T09:14:44.489Z - Handled HASH_GLOB. Handling time: 0. Response time: 0.
[NX Daemon Server] - 2025-10-08T09:14:44.495Z - [REQUEST]: Responding to the client. handleHashGlob
[NX Daemon Server] - 2025-10-08T09:14:44.495Z - Done responding to the client handleHashGlob
[NX Daemon Server] - 2025-10-08T09:14:44.495Z - Handled HASH_GLOB. Handling time: 1. Response time: 0.
[NX Daemon Server] - 2025-10-08T09:14:45.429Z - [REQUEST]: Responding to the client. handleHashGlob
[NX Daemon Server] - 2025-10-08T09:14:45.430Z - Done responding to the client handleHashGlob
[NX Daemon Server] - 2025-10-08T09:14:45.430Z - Handled HASH_GLOB. Handling time: 10. Response time: 1.
[NX Daemon Server] - 2025-10-08T09:14:45.441Z - [REQUEST]: Responding to the client. handleHashGlob
[NX Daemon Server] - 2025-10-08T09:14:45.441Z - Done responding to the client handleHashGlob
[NX Daemon Server] - 2025-10-08T09:14:45.441Z - Handled HASH_GLOB. Handling time: 0. Response time: 0.
[NX Daemon Server] - 2025-10-08T09:14:45.443Z - [REQUEST]: Responding to the client. handleHashGlob
[NX Daemon Server] - 2025-10-08T09:14:45.443Z - Done responding to the client handleHashGlob
[NX Daemon Server] - 2025-10-08T09:14:45.443Z - Handled HASH_GLOB. Handling time: 1. Response time: 0.
[NX Daemon Server] - 2025-10-08T09:14:45.452Z - [REQUEST]: Responding to the client. handleHashGlob
[NX Daemon Server] - 2025-10-08T09:14:45.452Z - Done responding to the client handleHashGlob
[NX Daemon Server] - 2025-10-08T09:14:45.452Z - Handled HASH_GLOB. Handling time: 0. Response time: 0.
[NX Daemon Server] - 2025-10-08T09:14:45.463Z - [REQUEST]: Responding to the client. handleHashGlob
[NX Daemon Server] - 2025-10-08T09:14:45.463Z - Done responding to the client handleHashGlob
[NX Daemon Server] - 2025-10-08T09:14:45.463Z - Handled HASH_GLOB. Handling time: 0. Response time: 0.
[NX Daemon Server] - 2025-10-08T09:14:45.474Z - [REQUEST]: Responding to the client. handleHashGlob
[NX Daemon Server] - 2025-10-08T09:14:45.474Z - Done responding to the client handleHashGlob
[NX Daemon Server] - 2025-10-08T09:14:45.474Z - Handled HASH_GLOB. Handling time: 0. Response time: 1.
[NX Daemon Server] - 2025-10-08T09:14:45.484Z - [REQUEST]: Responding to the client. handleHashGlob
[NX Daemon Server] - 2025-10-08T09:14:45.484Z - Done responding to the client handleHashGlob
[NX Daemon Server] - 2025-10-08T09:14:45.484Z - Handled HASH_GLOB. Handling time: 1. Response time: 0.
[NX Daemon Server] - 2025-10-08T09:14:45.485Z - [REQUEST]: Responding to the client. handleHashGlob
[NX Daemon Server] - 2025-10-08T09:14:45.485Z - Done responding to the client handleHashGlob
[NX Daemon Server] - 2025-10-08T09:14:45.485Z - Handled HASH_GLOB. Handling time: 0. Response time: 0.
[NX Daemon Server] - 2025-10-08T09:14:45.486Z - [REQUEST]: Responding to the client. handleHashGlob
[NX Daemon Server] - 2025-10-08T09:14:45.486Z - Done responding to the client handleHashGlob
[NX Daemon Server] - 2025-10-08T09:14:45.486Z - Handled HASH_GLOB. Handling time: 0. Response time: 0.
[NX Daemon Server] - 2025-10-08T09:14:45.496Z - [REQUEST]: Responding to the client. handleHashGlob
[NX Daemon Server] - 2025-10-08T09:14:45.496Z - Done responding to the client handleHashGlob
[NX Daemon Server] - 2025-10-08T09:14:45.496Z - Handled HASH_GLOB. Handling time: 0. Response time: 0.
[NX Daemon Server] - 2025-10-08T09:14:45.498Z - [REQUEST]: Responding to the client. handleHashGlob
[NX Daemon Server] - 2025-10-08T09:14:45.498Z - Done responding to the client handleHashGlob
[NX Daemon Server] - 2025-10-08T09:14:45.498Z - Handled HASH_GLOB. Handling time: 1. Response time: 0.
[NX Daemon Server] - 2025-10-08T09:14:45.507Z - [REQUEST]: Responding to the client. handleHashGlob
[NX Daemon Server] - 2025-10-08T09:14:45.507Z - Done responding to the client handleHashGlob
[NX Daemon Server] - 2025-10-08T09:14:45.507Z - Handled HASH_GLOB. Handling time: 0. Response time: 0.
[NX Daemon Server] - 2025-10-08T09:14:45.517Z - [REQUEST]: Responding to the client. handleHashGlob
[NX Daemon Server] - 2025-10-08T09:14:45.518Z - Done responding to the client handleHashGlob
[NX Daemon Server] - 2025-10-08T09:14:45.518Z - Handled HASH_GLOB. Handling time: 0. Response time: 1.
[NX Daemon Server] - 2025-10-08T09:14:45.527Z - [REQUEST]: Responding to the client. handleHashGlob
[NX Daemon Server] - 2025-10-08T09:14:45.527Z - Done responding to the client handleHashGlob
[NX Daemon Server] - 2025-10-08T09:14:45.527Z - Handled HASH_GLOB. Handling time: 1. Response time: 0.
[NX Daemon Server] - 2025-10-08T09:14:45.528Z - [REQUEST]: Responding to the client. handleHashGlob
[NX Daemon Server] - 2025-10-08T09:14:45.528Z - Done responding to the client handleHashGlob
[NX Daemon Server] - 2025-10-08T09:14:45.528Z - Handled HASH_GLOB. Handling time: 0. Response time: 0.
[NX Daemon Server] - 2025-10-08T09:14:45.538Z - [REQUEST]: Responding to the client. handleHashGlob
[NX Daemon Server] - 2025-10-08T09:14:45.538Z - Done responding to the client handleHashGlob
[NX Daemon Server] - 2025-10-08T09:14:45.538Z - Handled HASH_GLOB. Handling time: 1. Response time: 0.
[NX Daemon Server] - 2025-10-08T09:14:45.539Z - [REQUEST]: Responding to the client. handleHashGlob
[NX Daemon Server] - 2025-10-08T09:14:45.540Z - Done responding to the client handleHashGlob
[NX Daemon Server] - 2025-10-08T09:14:45.540Z - Handled HASH_GLOB. Handling time: 0. Response time: 1.
[NX Daemon Server] - 2025-10-08T09:14:45.590Z - Time taken for 'build-project-configs' 1362.141625ms
[NX Daemon Server] - 2025-10-08T09:14:45.593Z - Time taken for '@nx/vite/plugin:createDependencies' 6.084374999999909ms
[NX Daemon Server] - 2025-10-08T09:14:45.846Z - [SYNC]: collect registered sync generators
[NX Daemon Server] - 2025-10-08T09:14:45.847Z - [REQUEST]: Responding to the client. project-graph
[NX Daemon Server] - 2025-10-08T09:14:45.847Z - Time taken for 'total for creating and serializing project graph' 2499.785292ms
[NX Daemon Server] - 2025-10-08T09:14:45.849Z - Done responding to the client project-graph
[NX Daemon Server] - 2025-10-08T09:14:45.849Z - Handled REQUEST_PROJECT_GRAPH. Handling time: 2500. Response time: 2.
[NX Daemon Server] - 2025-10-08T09:14:45.931Z - [REQUEST]: Responding to the client. handleHashTasks
[NX Daemon Server] - 2025-10-08T09:14:45.933Z - Done responding to the client handleHashTasks
[NX Daemon Server] - 2025-10-08T09:14:45.933Z - Handled HASH_TASKS. Handling time: 30. Response time: 2.
[NX Daemon Server] - 2025-10-08T09:14:45.969Z - [REQUEST]: Responding to the client. handleGetEstimatedTaskTimings
[NX Daemon Server] - 2025-10-08T09:14:45.969Z - Done responding to the client handleGetEstimatedTaskTimings
[NX Daemon Server] - 2025-10-08T09:14:45.970Z - Handled GET_ESTIMATED_TASK_TIMINGS. Handling time: 25. Response time: 1.
[NX Daemon Server] - 2025-10-08T09:14:46.430Z - [WATCHER]: Processing file changes in outputs
[NX Daemon Server] - 2025-10-08T09:14:46.948Z - [REQUEST]: Responding to the client. recordOutputsHash
[NX Daemon Server] - 2025-10-08T09:14:46.948Z - Done responding to the client recordOutputsHash
[NX Daemon Server] - 2025-10-08T09:14:46.948Z - Handled RECORD_OUTPUTS_HASH. Handling time: 3. Response time: 0.
[NX Daemon Server] - 2025-10-08T09:14:46.986Z - [WATCHER]: Processing file changes in outputs
[NX Daemon Server] - 2025-10-08T09:14:47.404Z - [WATCHER]: Processing file changes in outputs
[NX Daemon Server] - 2025-10-08T09:14:48.278Z - [WATCHER]: Processing file changes in outputs
[NX Daemon Server] - 2025-10-08T09:14:48.427Z - [WATCHER]: Processing file changes in outputs
[NX Daemon Server] - 2025-10-08T09:14:48.436Z - [REQUEST]: Responding to the client. recordOutputsHash
[NX Daemon Server] - 2025-10-08T09:14:48.436Z - Done responding to the client recordOutputsHash
[NX Daemon Server] - 2025-10-08T09:14:48.436Z - Handled RECORD_OUTPUTS_HASH. Handling time: 7. Response time: 0.
[NX Daemon Server] - 2025-10-08T09:14:48.491Z - [WATCHER]: Processing file changes in outputs
[NX Daemon Server] - 2025-10-08T09:14:48.535Z - [WATCHER]: Processing file changes in outputs
[NX Daemon Server] - 2025-10-08T09:14:48.974Z - [WATCHER]: Processing file changes in outputs
[NX Daemon Server] - 2025-10-08T09:14:49.027Z - [WATCHER]: Processing file changes in outputs
[NX Daemon Server] - 2025-10-08T09:14:49.736Z - [WATCHER]: Processing file changes in outputs
[NX Daemon Server] - 2025-10-08T09:14:50.039Z - [WATCHER]: Processing file changes in outputs
[NX Daemon Server] - 2025-10-08T09:14:50.132Z - [REQUEST]: Responding to the client. recordOutputsHash
[NX Daemon Server] - 2025-10-08T09:14:50.132Z - Done responding to the client recordOutputsHash
[NX Daemon Server] - 2025-10-08T09:14:50.132Z - Handled RECORD_OUTPUTS_HASH. Handling time: 3. Response time: 0.
[NX Daemon Server] - 2025-10-08T09:14:50.137Z - [WATCHER]: Processing file changes in outputs
[NX Daemon Server] - 2025-10-08T09:14:50.160Z - [REQUEST]: Responding to the client. recordOutputsHash
[NX Daemon Server] - 2025-10-08T09:14:50.160Z - Done responding to the client recordOutputsHash
[NX Daemon Server] - 2025-10-08T09:14:50.160Z - Handled RECORD_OUTPUTS_HASH. Handling time: 5. Response time: 0.
[NX Daemon Server] - 2025-10-08T09:14:50.199Z - [WATCHER]: Processing file changes in outputs
[NX Daemon Server] - 2025-10-08T09:14:50.414Z - [WATCHER]: Processing file changes in outputs
[NX Daemon Server] - 2025-10-08T09:14:50.465Z - [REQUEST]: Responding to the client. recordOutputsHash
[NX Daemon Server] - 2025-10-08T09:14:50.465Z - Done responding to the client recordOutputsHash
[NX Daemon Server] - 2025-10-08T09:14:50.465Z - Handled RECORD_OUTPUTS_HASH. Handling time: 5. Response time: 0.
[NX Daemon Server] - 2025-10-08T09:14:50.465Z - [WATCHER]: Processing file changes in outputs
[NX Daemon Server] - 2025-10-08T09:14:50.553Z - [WATCHER]: Processing file changes in outputs
[NX Daemon Server] - 2025-10-08T09:14:50.647Z - [WATCHER]: Processing file changes in outputs
[NX Daemon Server] - 2025-10-08T09:14:51.233Z - [WATCHER]: Processing file changes in outputs
[NX Daemon Server] - 2025-10-08T09:14:51.431Z - [REQUEST]: Responding to the client. recordOutputsHash
[NX Daemon Server] - 2025-10-08T09:14:51.431Z - Done responding to the client recordOutputsHash
[NX Daemon Server] - 2025-10-08T09:14:51.431Z - Handled RECORD_OUTPUTS_HASH. Handling time: 3. Response time: 0.
[NX Daemon Server] - 2025-10-08T09:14:51.450Z - [WATCHER]: Processing file changes in outputs
[NX Daemon Server] - 2025-10-08T09:14:51.504Z - [WATCHER]: Processing file changes in outputs
[NX Daemon Server] - 2025-10-08T09:14:51.569Z - [WATCHER]: Processing file changes in outputs
[NX Daemon Server] - 2025-10-08T09:14:51.623Z - [WATCHER]: Processing file changes in outputs
[NX Daemon Server] - 2025-10-08T09:14:51.629Z - [REQUEST]: Responding to the client. recordOutputsHash
[NX Daemon Server] - 2025-10-08T09:14:51.629Z - Done responding to the client recordOutputsHash
[NX Daemon Server] - 2025-10-08T09:14:51.629Z - Handled RECORD_OUTPUTS_HASH. Handling time: 5. Response time: 0.
[NX Daemon Server] - 2025-10-08T09:14:51.677Z - [WATCHER]: Processing file changes in outputs
[NX Daemon Server] - 2025-10-08T09:14:51.878Z - [REQUEST]: Responding to the client. recordOutputsHash
[NX Daemon Server] - 2025-10-08T09:14:51.878Z - Done responding to the client recordOutputsHash
[NX Daemon Server] - 2025-10-08T09:14:51.878Z - Handled RECORD_OUTPUTS_HASH. Handling time: 2. Response time: 0.
[NX Daemon Server] - 2025-10-08T09:14:51.926Z - [WATCHER]: Processing file changes in outputs
[NX Daemon Server] - 2025-10-08T09:14:52.029Z - [WATCHER]: Processing file changes in outputs
[NX Daemon Server] - 2025-10-08T09:14:52.191Z - [WATCHER]: Processing file changes in outputs
[NX Daemon Server] - 2025-10-08T09:14:52.572Z - [WATCHER]: Processing file changes in outputs
[NX Daemon Server] - 2025-10-08T09:14:52.717Z - [REQUEST]: Responding to the client. recordOutputsHash
[NX Daemon Server] - 2025-10-08T09:14:52.717Z - Done responding to the client recordOutputsHash
[NX Daemon Server] - 2025-10-08T09:14:52.717Z - Handled RECORD_OUTPUTS_HASH. Handling time: 4. Response time: 0.
[NX Daemon Server] - 2025-10-08T09:14:52.766Z - [WATCHER]: Processing file changes in outputs
[NX Daemon Server] - 2025-10-08T09:14:52.805Z - [REQUEST]: Responding to the client. recordOutputsHash
[NX Daemon Server] - 2025-10-08T09:14:52.805Z - Done responding to the client recordOutputsHash
[NX Daemon Server] - 2025-10-08T09:14:52.805Z - Handled RECORD_OUTPUTS_HASH. Handling time: 2. Response time: 0.
[NX Daemon Server] - 2025-10-08T09:14:52.848Z - [WATCHER]: Processing file changes in outputs
[NX Daemon Server] - 2025-10-08T09:14:53.155Z - [REQUEST]: Responding to the client. recordOutputsHash
[NX Daemon Server] - 2025-10-08T09:14:53.155Z - Done responding to the client recordOutputsHash
[NX Daemon Server] - 2025-10-08T09:14:53.155Z - Handled RECORD_OUTPUTS_HASH. Handling time: 3. Response time: 0.
[NX Daemon Server] - 2025-10-08T09:14:53.199Z - [WATCHER]: Processing file changes in outputs
[NX Daemon Server] - 2025-10-08T09:14:53.256Z - [WATCHER]: Processing file changes in outputs
[NX Daemon Server] - 2025-10-08T09:14:53.323Z - [WATCHER]: Processing file changes in outputs
[NX Daemon Server] - 2025-10-08T09:14:53.807Z - [WATCHER]: Processing file changes in outputs
[NX Daemon Server] - 2025-10-08T09:14:54.129Z - [REQUEST]: Responding to the client. recordOutputsHash
[NX Daemon Server] - 2025-10-08T09:14:54.129Z - Done responding to the client recordOutputsHash
[NX Daemon Server] - 2025-10-08T09:14:54.130Z - Handled RECORD_OUTPUTS_HASH. Handling time: 5. Response time: 1.
[NX Daemon Server] - 2025-10-08T09:14:54.140Z - [WATCHER]: Processing file changes in outputs
[NX Daemon Server] - 2025-10-08T09:14:54.200Z - [WATCHER]: Processing file changes in outputs
[NX Daemon Server] - 2025-10-08T09:14:54.333Z - [REQUEST]: Responding to the client. recordOutputsHash
[NX Daemon Server] - 2025-10-08T09:14:54.333Z - Done responding to the client recordOutputsHash
[NX Daemon Server] - 2025-10-08T09:14:54.333Z - Handled RECORD_OUTPUTS_HASH. Handling time: 5. Response time: 0.
[NX Daemon Server] - 2025-10-08T09:14:54.341Z - [WATCHER]: Processing file changes in outputs
[NX Daemon Server] - 2025-10-08T09:14:54.394Z - [WATCHER]: Processing file changes in outputs
[NX Daemon Server] - 2025-10-08T09:14:54.512Z - [REQUEST]: Responding to the client. recordOutputsHash
[NX Daemon Server] - 2025-10-08T09:14:54.512Z - Done responding to the client recordOutputsHash
[NX Daemon Server] - 2025-10-08T09:14:54.512Z - Handled RECORD_OUTPUTS_HASH. Handling time: 3. Response time: 0.
[NX Daemon Server] - 2025-10-08T09:14:54.520Z - [REQUEST]: Responding to the client. handleRecordTaskRuns
[NX Daemon Server] - 2025-10-08T09:14:54.520Z - Done responding to the client handleRecordTaskRuns
[NX Daemon Server] - 2025-10-08T09:14:54.520Z - Handled RECORD_TASK_RUNS. Handling time: 1. Response time: 0.
[NX Daemon Server] - 2025-10-08T09:14:54.521Z - [REQUEST]: Responding to the client. handleGetFlakyTasks
[NX Daemon Server] - 2025-10-08T09:14:54.521Z - Done responding to the client handleGetFlakyTasks
[NX Daemon Server] - 2025-10-08T09:14:54.521Z - Handled GET_FLAKY_TASKS. Handling time: 1. Response time: 0.
[NX Daemon Server] - 2025-10-08T09:14:54.542Z - [WATCHER]: Processing file changes in outputs
[NX Daemon Server] - 2025-10-08T09:14:54.751Z - Closed a connection. Number of open connections: 2
[NX Daemon Server] - 2025-10-08T09:15:00.412Z - [WATCHER]: Processing file changes in outputs
[NX Daemon Server] - 2025-10-08T09:15:00.713Z - [WATCHER]: Processing file changes in outputs
[NX Daemon Server] - 2025-10-08T09:15:01.020Z - [WATCHER]: Processing file changes in outputs
[NX Daemon Server] - 2025-10-08T09:15:01.318Z - [WATCHER]: Processing file changes in outputs
[NX Daemon Server] - 2025-10-08T09:15:01.669Z - [WATCHER]: Processing file changes in outputs
[NX Daemon Server] - 2025-10-08T09:15:01.960Z - [WATCHER]: Processing file changes in outputs
[NX Daemon Server] - 2025-10-08T09:15:02.265Z - [WATCHER]: Processing file changes in outputs
[NX Daemon Server] - 2025-10-08T09:15:02.573Z - [WATCHER]: Processing file changes in outputs
[NX Daemon Server] - 2025-10-08T09:15:02.868Z - [WATCHER]: Processing file changes in outputs
[NX Daemon Server] - 2025-10-08T09:15:03.169Z - [WATCHER]: Processing file changes in outputs
[NX Daemon Server] - 2025-10-08T09:15:03.466Z - [WATCHER]: Processing file changes in outputs
[NX Daemon Server] - 2025-10-08T09:15:03.758Z - [WATCHER]: Processing file changes in outputs
[NX Daemon Server] - 2025-10-08T09:15:04.066Z - [WATCHER]: Processing file changes in outputs
[NX Daemon Server] - 2025-10-08T09:18:12.480Z - Established a connection. Number of open connections: 3
[NX Daemon Server] - 2025-10-08T09:18:12.481Z - Closed a connection. Number of open connections: 2
[NX Daemon Server] - 2025-10-08T09:18:12.481Z - Established a connection. Number of open connections: 3
[NX Daemon Server] - 2025-10-08T09:18:12.482Z - [REQUEST]: Client Request for Project Graph Received
[NX Daemon Server] - 2025-10-08T09:18:12.483Z - [REQUEST]: Responding to the client. project-graph
[NX Daemon Server] - 2025-10-08T09:18:12.484Z - Time taken for 'total for creating and serializing project graph' 0.7042919999803416ms
[NX Daemon Server] - 2025-10-08T09:18:12.486Z - Done responding to the client project-graph
[NX Daemon Server] - 2025-10-08T09:18:12.486Z - Handled REQUEST_PROJECT_GRAPH. Handling time: 1. Response time: 3.
[NX Daemon Server] - 2025-10-08T09:18:12.567Z - [REQUEST]: Responding to the client. handleHashTasks
[NX Daemon Server] - 2025-10-08T09:18:12.568Z - Done responding to the client handleHashTasks
[NX Daemon Server] - 2025-10-08T09:18:12.569Z - Handled HASH_TASKS. Handling time: 25. Response time: 2.
[NX Daemon Server] - 2025-10-08T09:18:12.581Z - [REQUEST]: Responding to the client. handleGetEstimatedTaskTimings
[NX Daemon Server] - 2025-10-08T09:18:12.581Z - Done responding to the client handleGetEstimatedTaskTimings
[NX Daemon Server] - 2025-10-08T09:18:12.581Z - Handled GET_ESTIMATED_TASK_TIMINGS. Handling time: 1. Response time: 0.
[NX Daemon Server] - 2025-10-08T09:18:12.586Z - [REQUEST]: Responding to the client. outputsHashesMatch
[NX Daemon Server] - 2025-10-08T09:18:12.586Z - Done responding to the client outputsHashesMatch
[NX Daemon Server] - 2025-10-08T09:18:12.586Z - Handled OUTPUTS_HASHES_MATCH. Handling time: 2. Response time: 0.
[NX Daemon Server] - 2025-10-08T09:18:12.590Z - [REQUEST]: Responding to the client. recordOutputsHash
[NX Daemon Server] - 2025-10-08T09:18:12.590Z - Done responding to the client recordOutputsHash
[NX Daemon Server] - 2025-10-08T09:18:12.590Z - Handled RECORD_OUTPUTS_HASH. Handling time: 1. Response time: 0.
[NX Daemon Server] - 2025-10-08T09:18:12.598Z - [REQUEST]: Responding to the client. outputsHashesMatch
[NX Daemon Server] - 2025-10-08T09:18:12.598Z - Done responding to the client outputsHashesMatch
[NX Daemon Server] - 2025-10-08T09:18:12.598Z - Handled OUTPUTS_HASHES_MATCH. Handling time: 5. Response time: 0.
[NX Daemon Server] - 2025-10-08T09:18:12.600Z - [REQUEST]: Responding to the client. recordOutputsHash
[NX Daemon Server] - 2025-10-08T09:18:12.601Z - Done responding to the client recordOutputsHash
[NX Daemon Server] - 2025-10-08T09:18:12.601Z - Handled RECORD_OUTPUTS_HASH. Handling time: 1. Response time: 1.
[NX Daemon Server] - 2025-10-08T09:18:12.608Z - [REQUEST]: Responding to the client. outputsHashesMatch
[NX Daemon Server] - 2025-10-08T09:18:12.608Z - Done responding to the client outputsHashesMatch
[NX Daemon Server] - 2025-10-08T09:18:12.608Z - Handled OUTPUTS_HASHES_MATCH. Handling time: 3. Response time: 0.
[NX Daemon Server] - 2025-10-08T09:18:12.612Z - [REQUEST]: Responding to the client. outputsHashesMatch
[NX Daemon Server] - 2025-10-08T09:18:12.612Z - Done responding to the client outputsHashesMatch
[NX Daemon Server] - 2025-10-08T09:18:12.612Z - Handled OUTPUTS_HASHES_MATCH. Handling time: 4. Response time: 0.
[NX Daemon Server] - 2025-10-08T09:18:12.616Z - [REQUEST]: Responding to the client. recordOutputsHash
[NX Daemon Server] - 2025-10-08T09:18:12.616Z - Done responding to the client recordOutputsHash
[NX Daemon Server] - 2025-10-08T09:18:12.616Z - Handled RECORD_OUTPUTS_HASH. Handling time: 3. Response time: 0.
[NX Daemon Server] - 2025-10-08T09:18:12.621Z - [REQUEST]: Responding to the client. recordOutputsHash
[NX Daemon Server] - 2025-10-08T09:18:12.621Z - Done responding to the client recordOutputsHash
[NX Daemon Server] - 2025-10-08T09:18:12.621Z - Handled RECORD_OUTPUTS_HASH. Handling time: 5. Response time: 0.
[NX Daemon Server] - 2025-10-08T09:18:12.627Z - [REQUEST]: Responding to the client. outputsHashesMatch
[NX Daemon Server] - 2025-10-08T09:18:12.627Z - Done responding to the client outputsHashesMatch
[NX Daemon Server] - 2025-10-08T09:18:12.627Z - Handled OUTPUTS_HASHES_MATCH. Handling time: 5. Response time: 0.
[NX Daemon Server] - 2025-10-08T09:18:12.632Z - [REQUEST]: Responding to the client. outputsHashesMatch
[NX Daemon Server] - 2025-10-08T09:18:12.632Z - Done responding to the client outputsHashesMatch
[NX Daemon Server] - 2025-10-08T09:18:12.632Z - Handled OUTPUTS_HASHES_MATCH. Handling time: 5. Response time: 0.
[NX Daemon Server] - 2025-10-08T09:18:12.690Z - [WATCHER]: Processing file changes in outputs
[NX Daemon Server] - 2025-10-08T09:18:12.709Z - [REQUEST]: Responding to the client. recordOutputsHash
[NX Daemon Server] - 2025-10-08T09:18:12.709Z - Done responding to the client recordOutputsHash
[NX Daemon Server] - 2025-10-08T09:18:12.709Z - Handled RECORD_OUTPUTS_HASH. Handling time: 5. Response time: 0.
[NX Daemon Server] - 2025-10-08T09:18:12.711Z - [REQUEST]: Responding to the client. recordOutputsHash
[NX Daemon Server] - 2025-10-08T09:18:12.712Z - Done responding to the client recordOutputsHash
[NX Daemon Server] - 2025-10-08T09:18:12.712Z - Handled RECORD_OUTPUTS_HASH. Handling time: 1. Response time: 1.
[NX Daemon Server] - 2025-10-08T09:18:12.716Z - [REQUEST]: Responding to the client. outputsHashesMatch
[NX Daemon Server] - 2025-10-08T09:18:12.716Z - Done responding to the client outputsHashesMatch
[NX Daemon Server] - 2025-10-08T09:18:12.716Z - Handled OUTPUTS_HASHES_MATCH. Handling time: 3. Response time: 0.
[NX Daemon Server] - 2025-10-08T09:18:12.719Z - [REQUEST]: Responding to the client. outputsHashesMatch
[NX Daemon Server] - 2025-10-08T09:18:12.719Z - Done responding to the client outputsHashesMatch
[NX Daemon Server] - 2025-10-08T09:18:12.719Z - Handled OUTPUTS_HASHES_MATCH. Handling time: 3. Response time: 0.
[NX Daemon Server] - 2025-10-08T09:18:12.722Z - [REQUEST]: Responding to the client. recordOutputsHash
[NX Daemon Server] - 2025-10-08T09:18:12.722Z - Done responding to the client recordOutputsHash
[NX Daemon Server] - 2025-10-08T09:18:12.722Z - Handled RECORD_OUTPUTS_HASH. Handling time: 2. Response time: 0.
[NX Daemon Server] - 2025-10-08T09:18:12.725Z - [REQUEST]: Responding to the client. recordOutputsHash
[NX Daemon Server] - 2025-10-08T09:18:12.725Z - Done responding to the client recordOutputsHash
[NX Daemon Server] - 2025-10-08T09:18:12.725Z - Handled RECORD_OUTPUTS_HASH. Handling time: 3. Response time: 0.
[NX Daemon Server] - 2025-10-08T09:18:12.727Z - [REQUEST]: Responding to the client. outputsHashesMatch
[NX Daemon Server] - 2025-10-08T09:18:12.728Z - Done responding to the client outputsHashesMatch
[NX Daemon Server] - 2025-10-08T09:18:12.728Z - Handled OUTPUTS_HASHES_MATCH. Handling time: 1. Response time: 1.
[NX Daemon Server] - 2025-10-08T09:18:12.731Z - [REQUEST]: Responding to the client. outputsHashesMatch
[NX Daemon Server] - 2025-10-08T09:18:12.731Z - Done responding to the client outputsHashesMatch
[NX Daemon Server] - 2025-10-08T09:18:12.731Z - Handled OUTPUTS_HASHES_MATCH. Handling time: 3. Response time: 0.
[NX Daemon Server] - 2025-10-08T09:18:12.734Z - [REQUEST]: Responding to the client. recordOutputsHash
[NX Daemon Server] - 2025-10-08T09:18:12.734Z - Done responding to the client recordOutputsHash
[NX Daemon Server] - 2025-10-08T09:18:12.734Z - Handled RECORD_OUTPUTS_HASH. Handling time: 3. Response time: 0.
[NX Daemon Server] - 2025-10-08T09:18:12.737Z - [REQUEST]: Responding to the client. recordOutputsHash
[NX Daemon Server] - 2025-10-08T09:18:12.737Z - Done responding to the client recordOutputsHash
[NX Daemon Server] - 2025-10-08T09:18:12.737Z - Handled RECORD_OUTPUTS_HASH. Handling time: 2. Response time: 0.
[NX Daemon Server] - 2025-10-08T09:18:12.740Z - [REQUEST]: Responding to the client. outputsHashesMatch
[NX Daemon Server] - 2025-10-08T09:18:12.740Z - Done responding to the client outputsHashesMatch
[NX Daemon Server] - 2025-10-08T09:18:12.740Z - Handled OUTPUTS_HASHES_MATCH. Handling time: 3. Response time: 0.
[NX Daemon Server] - 2025-10-08T09:18:12.742Z - [REQUEST]: Responding to the client. outputsHashesMatch
[NX Daemon Server] - 2025-10-08T09:18:12.743Z - Done responding to the client outputsHashesMatch
[NX Daemon Server] - 2025-10-08T09:18:12.743Z - Handled OUTPUTS_HASHES_MATCH. Handling time: 1. Response time: 1.
[NX Daemon Server] - 2025-10-08T09:18:12.745Z - [REQUEST]: Responding to the client. recordOutputsHash
[NX Daemon Server] - 2025-10-08T09:18:12.745Z - Done responding to the client recordOutputsHash
[NX Daemon Server] - 2025-10-08T09:18:12.745Z - Handled RECORD_OUTPUTS_HASH. Handling time: 2. Response time: 0.
[NX Daemon Server] - 2025-10-08T09:18:12.745Z - [WATCHER]: Processing file changes in outputs
[NX Daemon Server] - 2025-10-08T09:18:12.747Z - [REQUEST]: Responding to the client. recordOutputsHash
[NX Daemon Server] - 2025-10-08T09:18:12.747Z - Done responding to the client recordOutputsHash
[NX Daemon Server] - 2025-10-08T09:18:12.747Z - Handled RECORD_OUTPUTS_HASH. Handling time: 2. Response time: 0.
[NX Daemon Server] - 2025-10-08T09:18:12.749Z - [REQUEST]: Responding to the client. outputsHashesMatch
[NX Daemon Server] - 2025-10-08T09:18:12.749Z - Done responding to the client outputsHashesMatch
[NX Daemon Server] - 2025-10-08T09:18:12.749Z - Handled OUTPUTS_HASHES_MATCH. Handling time: 2. Response time: 0.
[NX Daemon Server] - 2025-10-08T09:18:12.751Z - [REQUEST]: Responding to the client. recordOutputsHash
[NX Daemon Server] - 2025-10-08T09:18:12.751Z - Done responding to the client recordOutputsHash
[NX Daemon Server] - 2025-10-08T09:18:12.751Z - Handled RECORD_OUTPUTS_HASH. Handling time: 2. Response time: 0.
[NX Daemon Server] - 2025-10-08T09:18:14.166Z - [WATCHER]: Processing file changes in outputs
[NX Daemon Server] - 2025-10-08T09:18:15.294Z - [WATCHER]: Processing file changes in outputs
[NX Daemon Server] - 2025-10-08T09:18:15.497Z - [WATCHER]: Processing file changes in outputs
[NX Daemon Server] - 2025-10-08T09:18:15.512Z - [REQUEST]: Responding to the client. recordOutputsHash
[NX Daemon Server] - 2025-10-08T09:18:15.512Z - Done responding to the client recordOutputsHash
[NX Daemon Server] - 2025-10-08T09:18:15.512Z - Handled RECORD_OUTPUTS_HASH. Handling time: 5. Response time: 0.
[NX Daemon Server] - 2025-10-08T09:18:15.514Z - [REQUEST]: Responding to the client. handleRecordTaskRuns
[NX Daemon Server] - 2025-10-08T09:18:15.514Z - Done responding to the client handleRecordTaskRuns
[NX Daemon Server] - 2025-10-08T09:18:15.514Z - Handled RECORD_TASK_RUNS. Handling time: 0. Response time: 0.
[NX Daemon Server] - 2025-10-08T09:18:15.515Z - [REQUEST]: Responding to the client. handleGetFlakyTasks
[NX Daemon Server] - 2025-10-08T09:18:15.515Z - Done responding to the client handleGetFlakyTasks
[NX Daemon Server] - 2025-10-08T09:18:15.515Z - Handled GET_FLAKY_TASKS. Handling time: 0. Response time: 0.
[NX Daemon Server] - 2025-10-08T09:18:15.711Z - Closed a connection. Number of open connections: 2
[NX Daemon Server] - 2025-10-08T09:23:27.839Z - [WATCHER]: 136 file(s) created or restored, 0 file(s) modified, 79 file(s) deleted
[NX Daemon Server] - 2025-10-08T09:23:27.841Z - [WATCHER]: Processing file changes in outputs
[NX Daemon Server] - 2025-10-08T09:23:27.842Z - Closed a connection. Number of open connections: 1
[NX Daemon Server] - 2025-10-08T09:23:27.842Z - Closed a connection. Number of open connections: 0
[NX Daemon Server] - 2025-10-08T09:23:27.843Z - [WATCHER]: Stopping the watcher for /Users/olimpia/Documents/OpenSource/rock (sources)
